TN:
SF:C:\Users\hzy\workspace\table-vuejs\table\src\components\pagination.vue
FNF:0
FNH:0
DA:27,3
DA:35,3
DA:43,3
DA:50,0
DA:55,4
DA:64,3
DA:65,3
DA:67,3
DA:68,2
DA:69,2
DA:72,1
DA:73,1
DA:77,2
DA:78,2
DA:79,2
DA:80,2
LF:16
LH:15
BRDA:67,0,0,2
BRDA:67,0,1,1
BRDA:67,1,0,3
BRDA:67,1,1,2
BRDA:67,1,2,2
BRDA:78,2,0,0
BRDA:78,2,1,2
BRDA:78,3,0,2
BRDA:78,3,1,1
BRF:9
BRH:8
end_of_record
TN:
SF:C:\Users\hzy\workspace\table-vuejs\table\src\App.vue
FN:34,(anonymous_0)
FN:40,(anonymous_1)
FN:46,(anonymous_2)
FN:56,(anonymous_3)
FN:64,(anonymous_4)
FNF:5
FNH:0
FNDA:0,(anonymous_0)
FNDA:0,(anonymous_1)
FNDA:0,(anonymous_2)
FNDA:0,(anonymous_3)
FNDA:0,(anonymous_4)
DA:19,0
DA:35,0
DA:36,0
DA:41,0
DA:42,0
DA:47,0
DA:53,0
DA:57,0
DA:66,0
DA:67,0
DA:68,0
DA:69,0
DA:70,0
DA:72,0
DA:73,0
DA:79,1
LF:16
LH:1
BRDA:69,0,0,0
BRDA:69,0,1,0
BRDA:72,1,0,0
BRDA:72,1,1,0
BRF:4
BRH:0
end_of_record
TN:
SF:C:\Users\hzy\workspace\table-vuejs\table\src\components\table.vue
FN:27,(anonymous_0)
FN:31,(anonymous_1)
FN:34,(anonymous_2)
FN:37,(anonymous_3)
FNF:4
FNH:0
FNDA:0,(anonymous_0)
FNDA:0,(anonymous_1)
FNDA:0,(anonymous_2)
FNDA:0,(anonymous_3)
DA:28,0
DA:35,0
DA:38,0
LF:3
LH:0
BRDA:35,0,0,0
BRDA:35,0,1,0
BRDA:38,1,0,0
BRDA:38,1,1,0
BRF:4
BRH:0
end_of_record
